2020-08-26 10:49:47,002 INFO o.a.j.u.JMeterUtils: Setting Locale to en_US
2020-08-26 10:49:47,011 INFO o.a.j.JMeter: Loading user properties from: user.properties
2020-08-26 10:49:47,020 INFO o.a.j.JMeter: Loading system properties from: system.properties
2020-08-26 10:49:47,024 INFO o.a.j.JMeter: Copyright (c) 1998-2018 The Apache Software Foundation
2020-08-26 10:49:47,024 INFO o.a.j.JMeter: Version 5.0 r1840935
2020-08-26 10:49:47,024 INFO o.a.j.JMeter: java.version=1.8.0_261
2020-08-26 10:49:47,024 INFO o.a.j.JMeter: java.vm.name=Java HotSpot(TM) 64-Bit Server VM
2020-08-26 10:49:47,024 INFO o.a.j.JMeter: os.name=Windows 10
2020-08-26 10:49:47,024 INFO o.a.j.JMeter: os.arch=amd64
2020-08-26 10:49:47,024 INFO o.a.j.JMeter: os.version=10.0
2020-08-26 10:49:47,024 INFO o.a.j.JMeter: file.encoding=Cp1252
2020-08-26 10:49:47,024 INFO o.a.j.JMeter: Max memory     =3790077952
2020-08-26 10:49:47,024 INFO o.a.j.JMeter: Available Processors =8
2020-08-26 10:49:47,027 INFO o.a.j.JMeter: Default Locale=English (United States)
2020-08-26 10:49:47,027 INFO o.a.j.JMeter: JMeter  Locale=English (United States)
2020-08-26 10:49:47,027 INFO o.a.j.JMeter: JMeterHome=D:\Jmeter_Jenkins_POC\Jmeter_POC\target\jmeter
2020-08-26 10:49:47,027 INFO o.a.j.JMeter: user.dir  =D:\Jmeter_Jenkins_POC\Jmeter_POC\target\jmeter\bin
2020-08-26 10:49:47,028 INFO o.a.j.JMeter: PWD       =D:\Jmeter_Jenkins_POC\Jmeter_POC\target\jmeter\bin
2020-08-26 10:49:47,035 INFO o.a.j.JMeter: IP: 172.16.254.111 Name: XIPL9721 FullName: XIPL9721.xpanxion.co.in
2020-08-26 10:49:47,223 INFO o.a.j.g.a.LookAndFeelCommand: Installing Darcula LAF
2020-08-26 10:49:47,240 INFO o.a.j.g.a.LookAndFeelCommand: Using look and feel: com.bulenkov.darcula.DarculaLaf [Darcula]
2020-08-26 10:49:47,240 INFO o.a.j.JMeter: Setting LAF to: com.bulenkov.darcula.DarculaLaf
2020-08-26 10:49:47,240 WARN o.a.j.JMeter: Could not set LAF to: com.bulenkov.darcula.DarculaLaf
java.lang.ClassNotFoundException: com.bulenkov.darcula.DarculaLaf
	at java.net.URLClassLoader.findClass(Unknown Source) ~[?:1.8.0_261]
	at java.lang.ClassLoader.loadClass(Unknown Source) ~[?:1.8.0_261]
	at java.lang.ClassLoader.loadClass(Unknown Source) ~[?:1.8.0_261]
	at java.lang.Class.forName0(Native Method) ~[?:1.8.0_261]
	at java.lang.Class.forName(Unknown Source) ~[?:1.8.0_261]
	at javax.swing.SwingUtilities.loadSystemClass(Unknown Source) ~[?:1.8.0_261]
	at javax.swing.UIManager.setLookAndFeel(Unknown Source) ~[?:1.8.0_261]
	at org.apache.jmeter.JMeter.startGui(JMeter.java:373) [ApacheJMeter_core-5.0.jar:5.0 r1840935]
	at org.apache.jmeter.JMeter.start(JMeter.java:536) [ApacheJMeter_core-5.0.jar:5.0 r1840935]
	at sun.reflect.NativeMethodAccessorImpl.invoke0(Native Method) ~[?:1.8.0_261]
	at sun.reflect.NativeMethodAccessorImpl.invoke(Unknown Source) ~[?:1.8.0_261]
	at sun.reflect.DelegatingMethodAccessorImpl.invoke(Unknown Source) ~[?:1.8.0_261]
	at java.lang.reflect.Method.invoke(Unknown Source) ~[?:1.8.0_261]
	at org.apache.jmeter.NewDriver.main(NewDriver.java:245) [ApacheJMeter-5.0.jar:5.0 r1840935]
2020-08-26 10:49:47,246 INFO o.a.j.JMeter: Loaded icon properties from org/apache/jmeter/images/icon.properties
2020-08-26 10:49:47,873 INFO o.a.j.e.u.CompoundVariable: Note: Function class names must contain the string: '.functions.'
2020-08-26 10:49:47,874 INFO o.a.j.e.u.CompoundVariable: Note: Function class names must not contain the string: '.gui.'
2020-08-26 10:49:48,543 WARN o.j.r.PluginManager: Found JAR conflict: D:\Jmeter_Jenkins_POC\Jmeter_POC\target\jmeter\lib\ext\tag-jmeter-extn-1.1.jar and D:\Jmeter_Jenkins_POC\Jmeter_POC\target\jmeter\lib\tag-jmeter-extn-1.1.jar
2020-08-26 10:49:49,172 INFO o.j.r.JARSourceHTTP: Requesting https://jmeter-plugins.org/repo/?installID=windows_10-d120433a96d3a488c092756eb1462912-gui
2020-08-26 10:49:49,720 WARN o.a.j.g.ObjectTableModel: Header count=13 but classes count=11
2020-08-26 10:49:49,721 WARN o.a.j.g.ObjectTableModel: Header count=13 but writeFunctor count=11
2020-08-26 10:49:49,724 WARN o.a.j.g.u.MenuFactory: Configuration error, probably corrupt or missing third party library(jar)? Could not create class: kg.apc.jmeter.vizualizers.SynthesisReportGui.
java.lang.NoClassDefFoundError: org/jmeterplugins/visualizers/gui/FilterPanel
	at java.lang.Class.forName0(Native Method) ~[?:1.8.0_261]
	at java.lang.Class.forName(Unknown Source) ~[?:1.8.0_261]
	at org.apache.jmeter.gui.util.MenuFactory.getGUIComponent(MenuFactory.java:167) ~[ApacheJMeter_core-5.0.jar:5.0 r1840935]
	at org.apache.jmeter.gui.util.MenuFactory.initializeMenus(MenuFactory.java:141) ~[ApacheJMeter_core-5.0.jar:5.0 r1840935]
	at org.apache.jmeter.gui.util.MenuFactory.<clinit>(MenuFactory.java:106) ~[ApacheJMeter_core-5.0.jar:5.0 r1840935]
	at org.apache.jmeter.control.gui.TestPlanGui.createPopupMenu(TestPlanGui.java:92) ~[ApacheJMeter_core-5.0.jar:5.0 r1840935]
	at org.apache.jmeter.gui.tree.JMeterTreeNode.createPopupMenu(JMeterTreeNode.java:184) ~[ApacheJMeter_core-5.0.jar:5.0 r1840935]
	at org.apache.jmeter.gui.action.EditCommand.doAction(EditCommand.java:46) ~[ApacheJMeter_core-5.0.jar:5.0 r1840935]
	at org.apache.jmeter.gui.action.ActionRouter.performAction(ActionRouter.java:88) ~[ApacheJMeter_core-5.0.jar:5.0 r1840935]
	at org.apache.jmeter.gui.action.ActionRouter.lambda$actionPerformed$0(ActionRouter.java:70) ~[ApacheJMeter_core-5.0.jar:5.0 r1840935]
	at java.awt.event.InvocationEvent.dispatch(Unknown Source) [?:1.8.0_261]
	at java.awt.EventQueue.dispatchEventImpl(Unknown Source) [?:1.8.0_261]
	at java.awt.EventQueue.access$500(Unknown Source) [?:1.8.0_261]
	at java.awt.EventQueue$3.run(Unknown Source) [?:1.8.0_261]
	at java.awt.EventQueue$3.run(Unknown Source) [?:1.8.0_261]
	at java.security.AccessController.doPrivileged(Native Method) [?:1.8.0_261]
	at java.security.ProtectionDomain$JavaSecurityAccessImpl.doIntersectionPrivilege(Unknown Source) [?:1.8.0_261]
	at java.awt.EventQueue.dispatchEvent(Unknown Source) [?:1.8.0_261]
	at java.awt.EventDispatchThread.pumpOneEventForFilters(Unknown Source) [?:1.8.0_261]
	at java.awt.EventDispatchThread.pumpEventsForFilter(Unknown Source) [?:1.8.0_261]
	at java.awt.EventDispatchThread.pumpEventsForHierarchy(Unknown Source) [?:1.8.0_261]
	at java.awt.EventDispatchThread.pumpEvents(Unknown Source) [?:1.8.0_261]
	at java.awt.EventDispatchThread.pumpEvents(Unknown Source) [?:1.8.0_261]
	at java.awt.EventDispatchThread.run(Unknown Source) [?:1.8.0_261]
Caused by: java.lang.ClassNotFoundException: org.jmeterplugins.visualizers.gui.FilterPanel
	at java.net.URLClassLoader.findClass(Unknown Source) ~[?:1.8.0_261]
	at java.lang.ClassLoader.loadClass(Unknown Source) ~[?:1.8.0_261]
	at java.lang.ClassLoader.loadClass(Unknown Source) ~[?:1.8.0_261]
	... 24 more
2020-08-26 10:49:50,152 INFO o.a.j.p.h.s.HTTPSamplerBase: Parser for text/html is org.apache.jmeter.protocol.http.parser.LagartoBasedHtmlParser
2020-08-26 10:49:50,153 INFO o.a.j.p.h.s.HTTPSamplerBase: Parser for application/xhtml+xml is org.apache.jmeter.protocol.http.parser.LagartoBasedHtmlParser
2020-08-26 10:49:50,153 INFO o.a.j.p.h.s.HTTPSamplerBase: Parser for application/xml is org.apache.jmeter.protocol.http.parser.LagartoBasedHtmlParser
2020-08-26 10:49:50,153 INFO o.a.j.p.h.s.HTTPSamplerBase: Parser for text/xml is org.apache.jmeter.protocol.http.parser.LagartoBasedHtmlParser
2020-08-26 10:49:50,153 INFO o.a.j.p.h.s.HTTPSamplerBase: Parser for text/vnd.wap.wml is org.apache.jmeter.protocol.http.parser.RegexpHTMLParser
2020-08-26 10:49:50,153 INFO o.a.j.p.h.s.HTTPSamplerBase: Parser for text/css is org.apache.jmeter.protocol.http.parser.CssParser
2020-08-26 10:49:50,761 INFO o.a.j.e.KeyToolUtils: keytool found at 'keytool'
2020-08-26 10:49:50,762 INFO o.a.j.p.h.p.ProxyControl: HTTP(S) Test Script Recorder SSL Proxy will use keys that support embedded 3rd party resources in file D:\Jmeter_Jenkins_POC\Jmeter_POC\target\jmeter\bin\proxyserver.jks
2020-08-26 10:49:50,939 INFO o.a.j.s.FileServer: Default base='D:\Jmeter_Jenkins_POC\Jmeter_POC\target\jmeter\bin'
2020-08-26 10:49:51,419 INFO o.a.j.s.SampleResult: Note: Sample TimeStamps are START times
2020-08-26 10:49:51,419 INFO o.a.j.s.SampleResult: sampleresult.default.encoding is set to ISO-8859-1
2020-08-26 10:49:51,419 INFO o.a.j.s.SampleResult: sampleresult.useNanoTime=true
2020-08-26 10:49:51,419 INFO o.a.j.s.SampleResult: sampleresult.nanoThreadSleep=5000
2020-08-26 10:49:55,308 INFO o.j.r.PluginManager: Plugins Status: [jpgc-cmd=2.2, jpgc-casutg=2.9, jpgc-plugins-manager=1.4, jpgc-synthesis=2.2, jmeter-core=5.0, jmeter-ftp=5.0, jmeter-http=5.0, jmeter-jdbc=5.0, jmeter-jms=5.0, jmeter-junit=5.0, jmeter-java=5.0, jmeter-ldap=5.0, jmeter-mail=5.0, jmeter-mongodb=5.0, jmeter-native=5.0, jmeter-tcp=5.0, jmeter-components=5.0]
2020-08-26 10:50:05,598 INFO o.a.j.g.a.Load: Loading file: D:\Jmeter_Jenkins_POC\Jmeter_POC\src\test\jmeter\Customers.jmx
2020-08-26 10:50:05,598 INFO o.a.j.s.FileServer: Set new base='D:\Jmeter_Jenkins_POC\Jmeter_POC\src\test\jmeter'
2020-08-26 10:50:05,694 INFO o.a.j.s.SaveService: Testplan (JMX) version: 2.2. Testlog (JTL) version: 2.2
2020-08-26 10:50:05,703 INFO o.a.j.s.SaveService: Using SaveService properties file encoding UTF-8
2020-08-26 10:50:05,704 INFO o.a.j.s.SaveService: Using SaveService properties version 5.0
2020-08-26 10:50:05,706 INFO o.a.j.s.SaveService: Loading file: D:\Jmeter_Jenkins_POC\Jmeter_POC\src\test\jmeter\Customers.jmx
2020-08-26 10:50:06,013 INFO o.a.j.s.FileServer: Set new base='D:\Jmeter_Jenkins_POC\Jmeter_POC\src\test\jmeter'
